# JRE version: OpenJDK Runtime Environment Corretto-11.0.19.7.1 (11.0.19+7) (build 11.0.19+7-LTS)
# Java VM: OpenJDK 64-Bit Server VM Corretto-11.0.19.7.1 (11.0.19+7-LTS, mixed mode, tiered, compressed oops, g1 gc, windows-amd64)
Heap:
 garbage-first heap   total 164864K, used 84172K [0x0000000081600000, 0x0000000100000000)
  region size 1024K, 36 young (36864K), 6 survivors (6144K)
 Metaspace       used 38646K, capacity 39638K, committed 39808K, reserved 1085440K
  class space    used 4059K, capacity 4379K, committed 4480K, reserved 1048576K
GC Heap History (16 events):
Event: 0.785 GC heap before
{Heap before GC invocations=0 (full 0):
 garbage-first heap   total 131072K, used 13312K [0x0000000081600000, 0x0000000100000000)
  region size 1024K, 14 young (14336K), 0 survivors (0K)
 Metaspace       used 11520K, capacity 11793K, committed 12032K, reserved 1060864K
  class space    used 1072K, capacity 1167K, committed 1280K, reserved 1048576K
}
Event: 0.789 GC heap after
{Heap after GC invocations=1 (full 0):
 garbage-first heap   total 131072K, used 3149K [0x0000000081600000, 0x0000000100000000)
  region size 1024K, 2 young (2048K), 2 survivors (2048K)
 Metaspace       used 11520K, capacity 11793K, committed 12032K, reserved 1060864K
  class space    used 1072K, capacity 1167K, committed 1280K, reserved 1048576K
}
Event: 1.001 GC heap before
{Heap before GC invocations=1 (full 0):
 garbage-first heap   total 131072K, used 13389K [0x0000000081600000, 0x0000000100000000)
  region size 1024K, 12 young (12288K), 2 survivors (2048K)
 Metaspace       used 13454K, capacity 13725K, committed 14080K, reserved 1062912K
  class space    used 1334K, capacity 1427K, committed 1536K, reserved 1048576K
}
Event: 1.004 GC heap after
{Heap after GC invocations=2 (full 0):
 garbage-first heap   total 131072K, used 3802K [0x0000000081600000, 0x0000000100000000)
  region size 1024K, 1 young (1024K), 1 survivors (1024K)
 Metaspace       used 13454K, capacity 13725K, committed 14080K, reserved 1062912K
  class space    used 1334K, capacity 1427K, committed 1536K, reserved 1048576K
}
Event: 1.476 GC heap before
{Heap before GC invocations=2 (full 0):
 garbage-first heap   total 131072K, used 33498K [0x0000000081600000, 0x0000000100000000)
  region size 1024K, 30 young (30720K), 1 survivors (1024K)
 Metaspace       used 16992K, capacity 17281K, committed 17536K, reserved 1064960K
  class space    used 1758K, capacity 1861K, committed 1920K, reserved 1048576K
}
Event: 1.479 GC heap after
{Heap after GC invocations=3 (full 0):
 garbage-first heap   total 131072K, used 5106K [0x0000000081600000, 0x0000000100000000)
  region size 1024K, 2 young (2048K), 2 survivors (2048K)
 Metaspace       used 16992K, capacity 17281K, committed 17536K, reserved 1064960K
  class space    used 1758K, capacity 1861K, committed 1920K, reserved 1048576K
}
Event: 2.148 GC heap before
{Heap before GC invocations=3 (full 0):
 garbage-first heap   total 131072K, used 33778K [0x0000000081600000, 0x0000000100000000)
  region size 1024K, 31 young (31744K), 2 survivors (2048K)
 Metaspace       used 20873K, capacity 21187K, committed 21248K, reserved 1069056K
  class space    used 2196K, capacity 2295K, committed 2304K, reserved 1048576K
}
Event: 2.167 GC heap after
{Heap after GC invocations=4 (full 0):
 garbage-first heap   total 131072K, used 8502K [0x0000000081600000, 0x0000000100000000)
  region size 1024K, 6 young (6144K), 6 survivors (6144K)
 Metaspace       used 20873K, capacity 21187K, committed 21248K, reserved 1069056K
  class space    used 2196K, capacity 2295K, committed 2304K, reserved 1048576K
}
Event: 3.407 GC heap before
{Heap before GC invocations=5 (full 0):
 garbage-first heap   total 131072K, used 62774K [0x0000000081600000, 0x0000000100000000)
  region size 1024K, 59 young (60416K), 6 survivors (6144K)
 Metaspace       used 22379K, capacity 22842K, committed 23040K, reserved 1069056K
  class space    used 2309K, capacity 2439K, committed 2560K, reserved 1048576K
}
Event: 3.419 GC heap after
{Heap after GC invocations=6 (full 0):
 garbage-first heap   total 131072K, used 13047K [0x0000000081600000, 0x0000000100000000)
  region size 1024K, 8 young (8192K), 8 survivors (8192K)
 Metaspace       used 22379K, capacity 22842K, committed 23040K, reserved 1069056K
  class space    used 2309K, capacity 2439K, committed 2560K, reserved 1048576K
}
Event: 4.885 GC heap before
{Heap before GC invocations=6 (full 0):
 garbage-first heap   total 131072K, used 82679K [0x0000000081600000, 0x0000000100000000)
  region size 1024K, 76 young (77824K), 8 survivors (8192K)
 Metaspace       used 32532K, capacity 33266K, committed 33408K, reserved 1079296K
  class space    used 3425K, capacity 3621K, committed 3712K, reserved 1048576K
}
Event: 4.906 GC heap after
{Heap after GC invocations=7 (full 0):
 garbage-first heap   total 131072K, used 24453K [0x0000000081600000, 0x0000000100000000)
  region size 1024K, 10 young (10240K), 10 survivors (10240K)
 Metaspace       used 32532K, capacity 33266K, committed 33408K, reserved 1079296K
  class space    used 3425K, capacity 3621K, committed 3712K, reserved 1048576K
}
Event: 5.674 GC heap before
{Heap before GC invocations=7 (full 0):
 garbage-first heap   total 131072K, used 66437K [0x0000000081600000, 0x0000000100000000)
  region size 1024K, 53 young (54272K), 10 survivors (10240K)
 Metaspace       used 34994K, capacity 35814K, committed 35840K, reserved 1081344K
  class space    used 3683K, capacity 3942K, committed 3968K, reserved 1048576K
}
Event: 5.690 GC heap after
{Heap after GC invocations=8 (full 0):
 garbage-first heap   total 131072K, used 26624K [0x0000000081600000, 0x0000000100000000)
  region size 1024K, 2 young (2048K), 2 survivors (2048K)
 Metaspace       used 34994K, capacity 35814K, committed 35840K, reserved 1081344K
  class space    used 3683K, capacity 3942K, committed 3968K, reserved 1048576K
}
Event: 6.613 GC heap before
{Heap before GC invocations=9 (full 0):
 garbage-first heap   total 131072K, used 94208K [0x0000000081600000, 0x0000000100000000)
  region size 1024K, 68 young (69632K), 2 survivors (2048K)
 Metaspace       used 37373K, capacity 38254K, committed 38272K, reserved 1083392K
  class space    used 3941K, capacity 4217K, committed 4224K, reserved 1048576K
}
Event: 6.620 GC heap after
{Heap after GC invocations=10 (full 0):
 garbage-first heap   total 164864K, used 29900K [0x0000000081600000, 0x0000000100000000)
  region size 1024K, 6 young (6144K), 6 survivors (6144K)
 Metaspace       used 37373K, capacity 38254K, committed 38272K, reserved 1083392K
  class space    used 3941K, capacity 4217K, committed 4224K, reserved 1048576K
}

