# JRE version: OpenJDK Runtime Environment Corretto-11.0.19.7.1 (11.0.19+7) (build 11.0.19+7-LTS)
# Java VM: OpenJDK 64-Bit Server VM Corretto-11.0.19.7.1 (11.0.19+7-LTS, mixed mode, tiered, compressed oops, g1 gc, windows-amd64)
Heap:
 garbage-first heap   total 131072K, used 29874K [0x0000000081600000, 0x0000000100000000)
  region size 1024K, 26 young (26624K), 9 survivors (9216K)
 Metaspace       used 29515K, capacity 30096K, committed 30336K, reserved 1077248K
  class space    used 3149K, capacity 3334K, committed 3456K, reserved 1048576K
GC Heap History (10 events):
Event: 0.675 GC heap before
{Heap before GC invocations=0 (full 0):
 garbage-first heap   total 131072K, used 13312K [0x0000000081600000, 0x0000000100000000)
  region size 1024K, 14 young (14336K), 0 survivors (0K)
 Metaspace       used 11503K, capacity 11793K, committed 12032K, reserved 1060864K
  class space    used 1071K, capacity 1167K, committed 1280K, reserved 1048576K
}
Event: 0.679 GC heap after
{Heap after GC invocations=1 (full 0):
 garbage-first heap   total 131072K, used 3165K [0x0000000081600000, 0x0000000100000000)
  region size 1024K, 2 young (2048K), 2 survivors (2048K)
 Metaspace       used 11503K, capacity 11793K, committed 12032K, reserved 1060864K
  class space    used 1071K, capacity 1167K, committed 1280K, reserved 1048576K
}
Event: 0.756 GC heap before
{Heap before GC invocations=1 (full 0):
 garbage-first heap   total 131072K, used 7261K [0x0000000081600000, 0x0000000100000000)
  region size 1024K, 6 young (6144K), 2 survivors (2048K)
 Metaspace       used 12387K, capacity 12625K, committed 12928K, reserved 1060864K
  class space    used 1197K, capacity 1295K, committed 1408K, reserved 1048576K
}
Event: 0.759 GC heap after
{Heap after GC invocations=2 (full 0):
 garbage-first heap   total 131072K, used 3433K [0x0000000081600000, 0x0000000100000000)
  region size 1024K, 1 young (1024K), 1 survivors (1024K)
 Metaspace       used 12387K, capacity 12625K, committed 12928K, reserved 1060864K
  class space    used 1197K, capacity 1295K, committed 1408K, reserved 1048576K
}
Event: 1.188 GC heap before
{Heap before GC invocations=2 (full 0):
 garbage-first heap   total 131072K, used 28009K [0x0000000081600000, 0x0000000100000000)
  region size 1024K, 25 young (25600K), 1 survivors (1024K)
 Metaspace       used 15228K, capacity 15504K, committed 15744K, reserved 1062912K
  class space    used 1529K, capacity 1630K, committed 1664K, reserved 1048576K
}
Event: 1.190 GC heap after
{Heap after GC invocations=3 (full 0):
 garbage-first heap   total 131072K, used 4490K [0x0000000081600000, 0x0000000100000000)
  region size 1024K, 2 young (2048K), 2 survivors (2048K)
 Metaspace       used 15228K, capacity 15504K, committed 15744K, reserved 1062912K
  class space    used 1529K, capacity 1630K, committed 1664K, reserved 1048576K
}
Event: 2.041 GC heap before
{Heap before GC invocations=3 (full 0):
 garbage-first heap   total 131072K, used 43402K [0x0000000081600000, 0x0000000100000000)
  region size 1024K, 41 young (41984K), 2 survivors (2048K)
 Metaspace       used 20874K, capacity 21187K, committed 21248K, reserved 1069056K
  class space    used 2196K, capacity 2295K, committed 2304K, reserved 1048576K
}
Event: 2.053 GC heap after
{Heap after GC invocations=4 (full 0):
 garbage-first heap   total 131072K, used 8326K [0x0000000081600000, 0x0000000100000000)
  region size 1024K, 5 young (5120K), 5 survivors (5120K)
 Metaspace       used 20874K, capacity 21187K, committed 21248K, reserved 1069056K
  class space    used 2196K, capacity 2295K, committed 2304K, reserved 1048576K
}
Event: 3.166 GC heap before
{Heap before GC invocations=5 (full 0):
 garbage-first heap   total 131072K, used 76934K [0x0000000081600000, 0x0000000100000000)
  region size 1024K, 72 young (73728K), 5 survivors (5120K)
 Metaspace       used 22780K, capacity 23196K, committed 23296K, reserved 1071104K
  class space    used 2334K, capacity 2473K, committed 2560K, reserved 1048576K
}
Event: 3.179 GC heap after
{Heap after GC invocations=6 (full 0):
 garbage-first heap   total 131072K, used 13490K [0x0000000081600000, 0x0000000100000000)
  region size 1024K, 9 young (9216K), 9 survivors (9216K)
 Metaspace       used 22780K, capacity 23196K, committed 23296K, reserved 1071104K
  class space    used 2334K, capacity 2473K, committed 2560K, reserved 1048576K
}

